-------------------------------------------------------------------------------
Test set: com.mycompany.chatappprogpoe.LoginTest$PasswordComplexityTests
-------------------------------------------------------------------------------
Tests run: 2, Failures: 0, Errors: 2, Skipped: 0, Time elapsed: 0.025 s <<< FAILURE! -- in com.mycompany.chatappprogpoe.LoginTest$PasswordComplexityTests
com.mycompany.chatappprogpoe.LoginTest$PasswordComplexityTests.testValidPasswords -- Time elapsed: 0.006 s <<< ERROR!
java.lang.NullPointerException: Cannot invoke "com.mycompany.chatappprogpoe.Login.checkPasswordComplexity(String)" because "this.this$0.login" is null
	at com.mycompany.chatappprogpoe.LoginTest$PasswordComplexityTests.testValidPasswords(LoginTest.java:116)
	at java.base/java.lang.reflect.Method.invoke(Method.java:580)
	at java.base/java.util.ArrayList.forEach(ArrayList.java:1597)
	at java.base/java.util.ArrayList.forEach(ArrayList.java:1597)
	at java.base/java.util.ArrayList.forEach(ArrayList.java:1597)

com.mycompany.chatappprogpoe.LoginTest$PasswordComplexityTests.testInvalidPasswords -- Time elapsed: 0.005 s <<< ERROR!
java.lang.NullPointerException: Cannot invoke "com.mycompany.chatappprogpoe.Login.checkPasswordComplexity(String)" because "this.this$0.login" is null
	at com.mycompany.chatappprogpoe.LoginTest$PasswordComplexityTests.testInvalidPasswords(LoginTest.java:128)
	at java.base/java.lang.reflect.Method.invoke(Method.java:580)
	at java.base/java.util.ArrayList.forEach(ArrayList.java:1597)
	at java.base/java.util.ArrayList.forEach(ArrayList.java:1597)
	at java.base/java.util.ArrayList.forEach(ArrayList.java:1597)

